[29-Apr-2025 11:52:48 UTC] PHP Warning:  mysqli_real_connect(): (HY000/2002): Connection refused in /var/www/html/wp-includes/class-wpdb.php on line 1988
[29-Apr-2025 12:55:02 UTC] Automatic updates starting...
[29-Apr-2025 12:55:02 UTC] Automatic updates complete.
[30-Apr-2025 10:20:04 UTC] Automatic updates starting...
[30-Apr-2025 10:20:05 UTC] Automatic updates complete.
[30-Apr-2025 13:00:44 UTC] Automatic updates starting...
[30-Apr-2025 13:00:45 UTC] Automatic updates complete.
[01-May-2025 00:55:29 UTC] Automatic updates starting...
[01-May-2025 00:55:29 UTC] Automatic updates complete.
[01-May-2025 12:57:44 UTC] Automatic updates starting...
[01-May-2025 12:57:44 UTC] Automatic updates complete.
[02-May-2025 00:54:34 UTC] Automatic updates starting...
[02-May-2025 00:54:35 UTC] Automatic updates complete.
[02-May-2025 12:54:34 UTC] Automatic updates starting...
[02-May-2025 12:54:35 UTC] Automatic updates complete.
[03-May-2025 01:03:05 UTC] Automatic updates starting...
[03-May-2025 01:03:06 UTC] Automatic updates complete.
[03-May-2025 11:24:14 UTC] PHP Warning:  mysqli_real_connect(): (HY000/2002): Connection refused in /var/www/html/wp-includes/class-wpdb.php on line 1988
[03-May-2025 11:30:16 UTC] Automatic updates starting...
[03-May-2025 11:30:17 UTC] Automatic updates complete.
[03-May-2025 12:13:40 UTC] PHP Warning:  mysqli_real_connect(): (HY000/2002): Connection refused in /var/www/html/wp-includes/class-wpdb.php on line 1988
[03-May-2025 12:13:40 UTC] PHP Warning:  mysqli_real_connect(): (HY000/2002): Connection refused in /var/www/html/wp-includes/class-wpdb.php on line 1988
[03-May-2025 12:20:49 UTC] PHP Warning:  mysqli_real_connect(): (HY000/2002): Connection refused in /var/www/html/wp-includes/class-wpdb.php on line 1988
[03-May-2025 12:25:21 UTC] PHP Warning:  mysqli_real_connect(): (HY000/2002): Connection refused in /var/www/html/wp-includes/class-wpdb.php on line 1988
[03-May-2025 12:26:04 UTC] PHP Warning:  mysqli_real_connect(): (HY000/2002): Connection refused in /var/www/html/wp-includes/class-wpdb.php on line 1988
[03-May-2025 12:26:33 UTC] PHP Warning:  mysqli_real_connect(): (HY000/2002): Connection refused in /var/www/html/wp-includes/class-wpdb.php on line 1988
[03-May-2025 12:42:02 UTC] PHP Warning:  mysqli_real_connect(): (HY000/2002): Connection refused in /var/www/html/wp-includes/class-wpdb.php on line 1988
[03-May-2025 12:42:54 UTC] PHP Warning:  mysqli_real_connect(): (HY000/2002): Connection refused in /var/www/html/wp-includes/class-wpdb.php on line 1988
[03-May-2025 12:57:13 UTC] PHP Warning:  mysqli_real_connect(): (HY000/2002): Connection refused in /var/www/html/wp-includes/class-wpdb.php on line 1988
[03-May-2025 12:57:20 UTC] PHP Warning:  mysqli_real_connect(): (HY000/2002): Connection refused in /var/www/html/wp-includes/class-wpdb.php on line 1988
[03-May-2025 12:57:24 UTC] PHP Warning:  mysqli_real_connect(): (HY000/2002): Connection refused in /var/www/html/wp-includes/class-wpdb.php on line 1988
[03-May-2025 13:00:57 UTC] PHP Warning:  mysqli_real_connect(): (HY000/2002): Connection refused in /var/www/html/wp-includes/class-wpdb.php on line 1988
[03-May-2025 13:03:13 UTC] PHP Warning:  mysqli_real_connect(): (HY000/2002): Connection refused in /var/www/html/wp-includes/class-wpdb.php on line 1988
[03-May-2025 13:06:40 UTC] PHP Warning:  mysqli_real_connect(): (HY000/2002): Connection refused in /var/www/html/wp-includes/class-wpdb.php on line 1988
[03-May-2025 13:19:14 UTC] PHP Warning:  mysqli_real_connect(): (HY000/2002): Connection refused in /var/www/html/wp-includes/class-wpdb.php on line 1988
[03-May-2025 13:19:39 UTC] PHP Warning:  mysqli_real_connect(): (HY000/2002): Connection refused in /var/www/html/wp-includes/class-wpdb.php on line 1988
[03-May-2025 13:20:47 UTC] PHP Warning:  mysqli_real_connect(): (HY000/2002): Connection refused in /var/www/html/wp-includes/class-wpdb.php on line 1988
[03-May-2025 13:22:32 UTC] PHP Warning:  mysqli_real_connect(): (HY000/2002): Connection refused in /var/www/html/wp-includes/class-wpdb.php on line 1988
[03-May-2025 13:35:03 UTC] PHP Warning:  mysqli_real_connect(): (HY000/2002): Connection refused in /var/www/html/wp-includes/class-wpdb.php on line 1988
[03-May-2025 13:36:33 UTC] PHP Warning:  mysqli_real_connect(): (HY000/2002): Connection refused in /var/www/html/wp-includes/class-wpdb.php on line 1988
[03-May-2025 13:38:35 UTC] PHP Warning:  mysqli_real_connect(): (HY000/2002): Connection refused in /var/www/html/wp-includes/class-wpdb.php on line 1988
[03-May-2025 13:50:37 UTC] PHP Warning:  mysqli_real_connect(): (HY000/2002): Connection refused in /var/www/html/wp-includes/class-wpdb.php on line 1988
[03-May-2025 13:50:41 UTC] PHP Warning:  mysqli_real_connect(): (HY000/2002): Connection refused in /var/www/html/wp-includes/class-wpdb.php on line 1988
[03-May-2025 13:53:11 UTC] PHP Warning:  mysqli_real_connect(): (HY000/2002): Connection refused in /var/www/html/wp-includes/class-wpdb.php on line 1988
[03-May-2025 13:53:34 UTC] PHP Warning:  mysqli_real_connect(): (HY000/2002): Connection refused in /var/www/html/wp-includes/class-wpdb.php on line 1988
